@I [HLS-0] Workspace /home/vgr16/nfshome/face_with_corner/SDRelease/_sds/vhls/ocvSwFastCorner/solution opened at Tue Apr 25 10:04:29 BST 2017
@I [HLS-100] Command 'open_solution' returned 0; elapsed 0.02Total elapsed time: 0.265 sec.
@I [HLS-100] Command "set_part  xc7z010clg400-1  "
@I [HLS-100] Command "add_library xilinx/zynq/zynq:xc7z010:clg400:-1 "
@I [HLS-100] Command "get_default_platform "
@I [HLS-100] Command 'get_default_platform' returned 0; elapsed 0Total elapsed time: 0.268 sec.
@I [HLS-100] Command "license_isbetapart xc7z010 "
@I [HLS-100] Command 'license_isbetapart' returned 1; elapsed 0Total elapsed time: 0.274 sec.
@I [HLS-100] Command "open_platform DefaultPlatform "
@I [HLS-100] Command 'open_platform' returned 0; elapsed 0Total elapsed time: 0.275 sec.
@I [HLS-100] Command "import_lib /usr/local/Xilinx/SDSoC/2015.4/Vivado_HLS/2015.4/common/technology/xilinx/zynq/zynq "
@I [HLS-100] Command "source /usr/local/Xilinx/SDSoC/2015.4/Vivado_HLS/2015.4/common/technology/xilinx/common/xilinx.lib "
@I [HLS-100] Command "source /usr/local/Xilinx/SDSoC/2015.4/Vivado_HLS/2015.4/common/technology/xilinx/interface/xilinx_interface.lib "
@I [HLS-100] Command "source /usr/local/Xilinx/SDSoC/2015.4/Vivado_HLS/2015.4/common/technology/xilinx/interface/plb46.lib "
@I [HLS-100] Command 'ap_source' returned 0; elapsed 0Total elapsed time: 0.276 sec.
@I [HLS-100] Command "source /usr/local/Xilinx/SDSoC/2015.4/Vivado_HLS/2015.4/common/technology/xilinx/interface/fsl.lib "
@I [HLS-100] Command 'ap_source' returned 0; elapsed 0Total elapsed time: 0.276 sec.
@I [HLS-100] Command "source /usr/local/Xilinx/SDSoC/2015.4/Vivado_HLS/2015.4/common/technology/xilinx/interface/axi4.lib "
@I [HLS-100] Command 'ap_source' returned 0; elapsed 0Total elapsed time: 0.276 sec.
@I [HLS-100] Command "source /usr/local/Xilinx/SDSoC/2015.4/Vivado_HLS/2015.4/common/technology/xilinx/interface/maxi.lib "
@I [HLS-100] Command 'ap_source' returned 0; elapsed 0Total elapsed time: 0.276 sec.
@I [HLS-100] Command "source /usr/local/Xilinx/SDSoC/2015.4/Vivado_HLS/2015.4/common/technology/xilinx/interface/saxilite.lib "
@I [HLS-100] Command 'ap_source' returned 0; elapsed 0Total elapsed time: 0.277 sec.
@I [HLS-100] Command 'ap_source' returned 0; elapsed 0Total elapsed time: 0.277 sec.
@I [HLS-100] Command "source /usr/local/Xilinx/SDSoC/2015.4/Vivado_HLS/2015.4/common/technology/xilinx/common/dsp48.lib "
@I [HLS-100] Command 'ap_source' returned 0; elapsed 0Total elapsed time: 0.277 sec.
@I [HLS-100] Command "source /usr/local/Xilinx/SDSoC/2015.4/Vivado_HLS/2015.4/common/technology/xilinx/ip/xfft.lib "
@I [HLS-100] Command 'ap_source' returned 0; elapsed 0Total elapsed time: 0.277 sec.
@I [HLS-100] Command "source /usr/local/Xilinx/SDSoC/2015.4/Vivado_HLS/2015.4/common/technology/xilinx/ip/dds_compiler.lib "
@I [HLS-100] Command 'ap_source' returned 0; elapsed 0Total elapsed time: 0.277 sec.
@I [HLS-100] Command "source /usr/local/Xilinx/SDSoC/2015.4/Vivado_HLS/2015.4/common/technology/xilinx/ip/xfir.lib "
@I [HLS-100] Command 'ap_source' returned 0; elapsed 0Total elapsed time: 0.277 sec.
@I [HLS-100] Command 'ap_source' returned 0; elapsed 0.01Total elapsed time: 0.279 sec.
@I [HLS-100] Command "source /usr/local/Xilinx/SDSoC/2015.4/Vivado_HLS/2015.4/common/technology/xilinx/common/xilinx_old.lib "
@I [HLS-100] Command 'ap_source' returned 0; elapsed 0Total elapsed time: 0.280 sec.
@I [HLS-100] Command "source /usr/local/Xilinx/SDSoC/2015.4/Vivado_HLS/2015.4/common/technology/xilinx/common/xilinx_vivado.lib "
@I [HLS-100] Command 'ap_source' returned 0; elapsed 0Total elapsed time: 0.281 sec.
@I [HLS-100] Command "source /usr/local/Xilinx/SDSoC/2015.4/Vivado_HLS/2015.4/common/technology/xilinx/common/xilinx.hlp "
@I [HLS-100] Command "source /usr/local/Xilinx/SDSoC/2015.4/Vivado_HLS/2015.4/common/technology/xilinx/common/target_info.tcl "
@I [HLS-100] Command 'ap_source' returned 0; elapsed 0Total elapsed time: 0.283 sec.
@I [HLS-100] Command "source /usr/local/Xilinx/SDSoC/2015.4/Vivado_HLS/2015.4/common/technology/xilinx/interface/xilinx_interface.hlp "
@I [HLS-100] Command "source /usr/local/Xilinx/SDSoC/2015.4/Vivado_HLS/2015.4/common/technology/xilinx/interface/maxi.hlp "
@I [HLS-100] Command 'ap_source' returned 0; elapsed 0Total elapsed time: 0.283 sec.
@I [HLS-100] Command "source /usr/local/Xilinx/SDSoC/2015.4/Vivado_HLS/2015.4/common/technology/xilinx/interface/saxilite.hlp "
@I [HLS-100] Command 'ap_source' returned 0; elapsed 0Total elapsed time: 0.283 sec.
@I [HLS-100] Command 'ap_source' returned 0; elapsed 0Total elapsed time: 0.283 sec.
@I [HLS-100] Command "source /usr/local/Xilinx/SDSoC/2015.4/Vivado_HLS/2015.4/common/technology/xilinx/common/dsp48.hlp "
@I [HLS-100] Command 'ap_source' returned 0; elapsed 0Total elapsed time: 0.284 sec.
@I [HLS-100] Command 'ap_source' returned 0; elapsed 0Total elapsed time: 0.284 sec.
@I [HLS-100] Command "source /usr/local/Xilinx/SDSoC/2015.4/Vivado_HLS/2015.4/common/technology/xilinx/zynq/dsp48e1.hlp "
@I [HLS-100] Command 'ap_source' returned 0; elapsed 0Total elapsed time: 0.284 sec.
@I [HLS-100] Command "get_default_platform "
@I [HLS-100] Command 'get_default_platform' returned 0; elapsed 0Total elapsed time: 0.284 sec.
@I [HLS-100] Command "config_chip_info -quiet -resource  {SLICE 13300}  {LUT 53200}     {FF 106400} {DSP48E 220}   {BRAM 280}  "
@I [HLS-100] Command 'config_chip_info' returned 0; elapsed 0Total elapsed time: 0.284 sec.
@I [HLS-100] Command "config_chip_info -quiet -speed medium "
@I [HLS-100] Command 'config_chip_info' returned 0; elapsed 0Total elapsed time: 0.284 sec.
@I [HLS-100] Command 'import_lib' returned 0; elapsed 0.01Total elapsed time: 0.285 sec.
@I [HLS-100] Command "source /usr/local/Xilinx/SDSoC/2015.4/Vivado_HLS/2015.4/common/technology/xilinx/zynq/zynq.gen "
@I [HLS-100] Command "source /usr/local/Xilinx/SDSoC/2015.4/Vivado_HLS/2015.4/common/technology/xilinx/common/virtex.gen "
@I [HLS-100] Command "source /usr/local/Xilinx/SDSoC/2015.4/Vivado_HLS/2015.4/common/technology/xilinx/common/xilinx.gen "
@I [HLS-100] Command "source /usr/local/Xilinx/SDSoC/2015.4/Vivado_HLS/2015.4/common/technology/xilinx/interface/plb46.gen "
@I [HLS-100] Command 'ap_source' returned 0; elapsed 0Total elapsed time: 0.286 sec.
@I [HLS-100] Command "source /usr/local/Xilinx/SDSoC/2015.4/Vivado_HLS/2015.4/common/technology/xilinx/interface/fsl.gen "
@I [HLS-100] Command 'ap_source' returned 0; elapsed 0Total elapsed time: 0.287 sec.
@I [HLS-100] Command "source /usr/local/Xilinx/SDSoC/2015.4/Vivado_HLS/2015.4/common/technology/xilinx/interface/axi4.gen "
@I [HLS-100] Command 'ap_source' returned 0; elapsed 0Total elapsed time: 0.288 sec.
@I [HLS-100] Command "source /usr/local/Xilinx/SDSoC/2015.4/Vivado_HLS/2015.4/common/technology/xilinx/interface/nativeAXI4.gen "
@I [HLS-100] Command "source /usr/local/Xilinx/SDSoC/2015.4/Vivado_HLS/2015.4/common/technology/xilinx/interface/saxilite.gen "
@I [HLS-100] Command 'ap_source' returned 0; elapsed 0.01Total elapsed time: 0.291 sec.
@I [HLS-100] Command "source /usr/local/Xilinx/SDSoC/2015.4/Vivado_HLS/2015.4/common/technology/xilinx/interface/maxi.gen "
@I [HLS-100] Command 'ap_source' returned 0; elapsed 0Total elapsed time: 0.296 sec.
@I [HLS-100] Command 'ap_source' returned 0; elapsed 0.01Total elapsed time: 0.296 sec.
@I [HLS-100] Command "source /usr/local/Xilinx/SDSoC/2015.4/Vivado_HLS/2015.4/common/technology/xilinx/scripts/xilinxcoregen.gen "
@I [HLS-100] Command 'ap_source' returned 0; elapsed 0.01Total elapsed time: 0.301 sec.
@I [HLS-100] Command "source /usr/local/Xilinx/SDSoC/2015.4/Vivado_HLS/2015.4/common/technology/xilinx/interface/XilEDKCoreGen.gen "
@I [HLS-100] Command 'ap_source' returned 0; elapsed 0Total elapsed time: 0.307 sec.
@I [HLS-100] Command "source /usr/local/Xilinx/SDSoC/2015.4/Vivado_HLS/2015.4/common/technology/xilinx/ip/util.gen "
@I [HLS-100] Command 'ap_source' returned 0; elapsed 0Total elapsed time: 0.307 sec.
@I [HLS-100] Command "source /usr/local/Xilinx/SDSoC/2015.4/Vivado_HLS/2015.4/common/technology/xilinx/ip/xfir.gen "
@I [HLS-100] Command "source /usr/local/Xilinx/SDSoC/2015.4/Vivado_HLS/2015.4/tps/tcl/tcllib1.11.1/struct/list.tcl "
@I [HLS-100] Command "source /usr/local/Xilinx/SDSoC/2015.4/Vivado_HLS/2015.4/tps/tcl/tcllib1.11.1/cmdline/cmdline.tcl "
@I [HLS-100] Command 'ap_source' returned 0; elapsed 0Total elapsed time: 0.317 sec.
@I [HLS-100] Command 'ap_source' returned 0; elapsed 0Total elapsed time: 0.317 sec.
@I [HLS-100] Command "source /usr/local/Xilinx/SDSoC/2015.4/Vivado_HLS/2015.4/tps/tcl/tcllib1.11.1/math/bignum.tcl "
@I [HLS-100] Command 'ap_source' returned 0; elapsed 0Total elapsed time: 0.324 sec.
@I [HLS-100] Command 'ap_source' returned 0; elapsed 0.02Total elapsed time: 0.328 sec.
@I [HLS-100] Command "source /usr/local/Xilinx/SDSoC/2015.4/Vivado_HLS/2015.4/common/technology/xilinx/ip/dds_compiler.gen "
@I [HLS-100] Command 'ap_source' returned 0; elapsed 0Total elapsed time: 0.330 sec.
@I [HLS-100] Command "source /usr/local/Xilinx/SDSoC/2015.4/Vivado_HLS/2015.4/common/technology/xilinx/ip/xfft.gen "
@I [HLS-100] Command 'ap_source' returned 0; elapsed 0.08Total elapsed time: 0.401 sec.
@I [HLS-100] Command 'ap_source' returned 0; elapsed 0.12Total elapsed time: 0.401 sec.
@I [HLS-100] Command "source /usr/local/Xilinx/SDSoC/2015.4/Vivado_HLS/2015.4/common/technology/xilinx/common/dsp48.gen "
@I [HLS-100] Command 'ap_source' returned 0; elapsed 0Total elapsed time: 0.402 sec.
@I [HLS-100] Command 'ap_source' returned 0; elapsed 0.12Total elapsed time: 0.402 sec.
@I [HLS-100] Command 'ap_source' returned 0; elapsed 0.12Total elapsed time: 0.402 sec.
@I [HLS-100] Command "get_default_platform "
@I [HLS-100] Command 'get_default_platform' returned 0; elapsed 0Total elapsed time: 0.409 sec.
@I [HLS-100] Command "config_chip_info -quiet -resource  {SLICE 4400}   {LUT 17600}     {FF 35200}  {DSP48E 80}    {BRAM 120}  "
@I [HLS-100] Command 'config_chip_info' returned 0; elapsed 0Total elapsed time: 0.409 sec.
@I [HLS-100] Command "config_chip_info -quiet -speed slow "
@I [HLS-100] Command 'config_chip_info' returned 0; elapsed 0Total elapsed time: 0.409 sec.
@I [HLS-100] Command 'add_library' returned 0; elapsed 0.13Total elapsed time: 0.416 sec.
@I [HLS-100] Command "add_library xilinx/zynq/zynq_fpv6 "
@I [HLS-100] Command "get_default_platform "
@I [HLS-100] Command 'get_default_platform' returned 0; elapsed 0Total elapsed time: 0.417 sec.
@I [HLS-100] Command "open_platform DefaultPlatform "
@I [HLS-100] Command 'open_platform' returned 0; elapsed 0Total elapsed time: 0.417 sec.
@I [HLS-100] Command "import_lib /usr/local/Xilinx/SDSoC/2015.4/Vivado_HLS/2015.4/common/technology/xilinx/zynq/zynq_fpv6 "
@I [HLS-100] Command "source /usr/local/Xilinx/SDSoC/2015.4/Vivado_HLS/2015.4/common/technology/xilinx/common/xilinx_fpv7.lib "
@I [HLS-100] Command "source /usr/local/Xilinx/SDSoC/2015.4/Vivado_HLS/2015.4/common/technology/xilinx/common/xilinx_hp.lib "
@I [HLS-100] Command 'ap_source' returned 0; elapsed 0Total elapsed time: 0.418 sec.
@I [HLS-100] Command 'ap_source' returned 0; elapsed 0.01Total elapsed time: 0.420 sec.
@I [HLS-100] Command "source /usr/local/Xilinx/SDSoC/2015.4/Vivado_HLS/2015.4/common/technology/xilinx/common/xilinx_fpv.hlp "
@I [HLS-100] Command "source /usr/local/Xilinx/SDSoC/2015.4/Vivado_HLS/2015.4/common/technology/xilinx/common/xilinx.hlp "
@I [HLS-100] Command "source /usr/local/Xilinx/SDSoC/2015.4/Vivado_HLS/2015.4/common/technology/xilinx/common/target_info.tcl "
@I [HLS-100] Command 'ap_source' returned 0; elapsed 0Total elapsed time: 0.424 sec.
@I [HLS-100] Command "source /usr/local/Xilinx/SDSoC/2015.4/Vivado_HLS/2015.4/common/technology/xilinx/interface/xilinx_interface.hlp "
@I [HLS-100] Command "source /usr/local/Xilinx/SDSoC/2015.4/Vivado_HLS/2015.4/common/technology/xilinx/interface/maxi.hlp "
@I [HLS-100] Command 'ap_source' returned 0; elapsed 0Total elapsed time: 0.424 sec.
@I [HLS-100] Command "source /usr/local/Xilinx/SDSoC/2015.4/Vivado_HLS/2015.4/common/technology/xilinx/interface/saxilite.hlp "
@I [HLS-100] Command 'ap_source' returned 0; elapsed 0Total elapsed time: 0.424 sec.
@I [HLS-100] Command 'ap_source' returned 0; elapsed 0Total elapsed time: 0.424 sec.
@I [HLS-100] Command "source /usr/local/Xilinx/SDSoC/2015.4/Vivado_HLS/2015.4/common/technology/xilinx/common/dsp48.hlp "
@I [HLS-100] Command 'ap_source' returned 0; elapsed 0Total elapsed time: 0.425 sec.
@I [HLS-100] Command 'ap_source' returned 0; elapsed 0Total elapsed time: 0.425 sec.
@I [HLS-100] Command 'ap_source' returned 0; elapsed 0Total elapsed time: 0.425 sec.
@I [HLS-100] Command "source /usr/local/Xilinx/SDSoC/2015.4/Vivado_HLS/2015.4/common/technology/xilinx/zynq/zynq_hp.hlp "
@I [HLS-100] Command 'ap_source' returned 0; elapsed 0Total elapsed time: 0.426 sec.
@I [HLS-100] Command 'import_lib' returned 0; elapsed 0.01Total elapsed time: 0.429 sec.
@I [HLS-100] Command "source /usr/local/Xilinx/SDSoC/2015.4/Vivado_HLS/2015.4/common/technology/xilinx/zynq/zynq_fpv6.gen "
@I [HLS-100] Command "source /usr/local/Xilinx/SDSoC/2015.4/Vivado_HLS/2015.4/common/technology/xilinx/common/xilinx_fpv6.gen "
@I [HLS-100] Command 'ap_source' returned 0; elapsed 0Total elapsed time: 0.430 sec.
@I [HLS-100] Command 'ap_source' returned 0; elapsed 0Total elapsed time: 0.430 sec.
@I [HLS-100] Command 'add_library' returned 0; elapsed 0.01Total elapsed time: 0.437 sec.
@I [HLS-10] Setting target device to ' xc7z010clg400-1 '
@I [HLS-100] Command 'set_part' returned 0; elapsed 0.14Total elapsed time: 0.437 sec.
@I [HLS-100] Command "create_clock -period 7.28571465 "
@I [HLS-100] Command "config_clock -quiet -name default -period 7.28571465 -default=false "
@I [SYN-201] Setting up clock 'default' with a period of 7.28571ns.
@I [HLS-100] Command 'config_clock' returned 0; elapsed 0Total elapsed time: 0.444 sec.
@I [HLS-100] Command 'create_clock' returned 0; elapsed 0Total elapsed time: 0.444 sec.
@I [HLS-100] Command "config_rtl -reset_level low "
@I [HLS-100] Command 'config_rtl' returned 0; elapsed 0Total elapsed time: 0.451 sec.
@I [HLS-100] Command "source /home/vgr16/nfshome/face_with_corner/SDRelease/_sds/vhls/ocvSwFastCorner.tcl "
@I [HLS-100] Command "set_directive_latency -min 1 ocvSwFastCorner "
@I [HLS-100] Command 'set_directive_latency' returned 0; elapsed 0Total elapsed time: 0.453 sec.
@I [HLS-100] Command 'ap_source' returned 0; elapsed 0Total elapsed time: 0.454 sec.
@I [HLS-100] Command "csynth_design "
@I [HLS-100] Command "elaborate -effort=medium -skip_syncheck=0 -keep_printf=0 -lm=0 -skip_cdt=0 -skip_transform=0 -ng=0 -g=0 -opt_fp=0 "
@I [HLS-10] Analyzing design file '/home/vgr16/nfshome/face_with_corner/src/cv/my_ocv_sw.cpp' ... 
@0 [HLS-0] Analyzing design file '/home/vgr16/nfshome/face_with_corner/src/cv/my_ocv_sw.cpp' ... 
@I [HLS-0] Compiling one TU...
@I [HLS-0] 
Checking before pre-process: exec clang -fno-limit-debug-info -gcc-toolchain "/usr/local/Xilinx/SDSoC/2015.4/Vivado_HLS/2015.4/lnx64/tools/gcc" -hls  -I/home/vgr16/nfshome/face_with_corner/src -Wall -O3 -fmessage-length=0 -MMD -MP -D__SDSCC__ -I/home/vgr16/homedir/ZYBO_SDSoC_platforms-master/2015.4/zybo_hdmi_in/arm-xilinx-linux-gnueabi/include -I/usr/local/Xilinx/SDSoC/2015.4/arm-xilinx-linux-gnueabi/include -I/home/vgr16/nfshome/face_with_corner/src/cv -D__SDSVHLS__ -I/home/vgr16/nfshome/face_with_corner/SDRelease -w  -fno-math-errno -c -emit-llvm -O0  -mllvm -disable-llvm-optzns -fno-threadsafe-statics  -fno-use-cxa-atexit  -fno-threadsafe-statics -fno-use-cxa-atexit   -I "/usr/local/Xilinx/SDSoC/2015.4/Vivado_HLS/2015.4/lnx64/tools/systemc/include" -I "/usr/local/Xilinx/SDSoC/2015.4/Vivado_HLS/2015.4/include" -I "/usr/local/Xilinx/SDSoC/2015.4/Vivado_HLS/2015.4/include/ap_sysc" -fexceptions -I "/usr/local/Xilinx/SDSoC/2015.4/Vivado_HLS/2015.4/common/technology/autopilot" -include etc/autopilot_ssdm_op.h "/home/vgr16/nfshome/face_with_corner/src/cv/my_ocv_sw.cpp"  -o "/home/vgr16/nfshome/face_with_corner/SDRelease/_sds/vhls/ocvSwFastCorner/solution/.autopilot/db/my_ocv_sw.pp.00.o"

@I [HLS-100] Command "is_encrypted /home/vgr16/nfshome/face_with_corner/SDRelease/_sds/vhls/ocvSwFastCorner/solution/.autopilot/db/my_ocv_sw.pp.00.o "
@I [HLS-100] Command 'is_encrypted' returned 0; elapsed 0Total elapsed time: 1.349 sec.
@I [HLS-0] Syntax Checker time: 0 seconds per iteration
@I [HLS-0] 
Source preprocessing: exec clang -fno-limit-debug-info -gcc-toolchain "/usr/local/Xilinx/SDSoC/2015.4/Vivado_HLS/2015.4/lnx64/tools/gcc" -hls -fno-exceptions  -D__llvm__  -CC -E "/home/vgr16/nfshome/face_with_corner/src/cv/my_ocv_sw.cpp"   -I/home/vgr16/nfshome/face_with_corner/src -Wall -O3 -fmessage-length=0 -MMD -MP -D__SDSCC__ -I/home/vgr16/homedir/ZYBO_SDSoC_platforms-master/2015.4/zybo_hdmi_in/arm-xilinx-linux-gnueabi/include -I/usr/local/Xilinx/SDSoC/2015.4/arm-xilinx-linux-gnueabi/include -I/home/vgr16/nfshome/face_with_corner/src/cv -D__SDSVHLS__ -I/home/vgr16/nfshome/face_with_corner/SDRelease -w  -fno-math-errno -c -emit-llvm -O0  -mllvm -disable-llvm-optzns -fno-threadsafe-statics  -fno-use-cxa-atexit  -fno-threadsafe-statics -fno-use-cxa-atexit -DAESL_SYN -D__SYNTHESIS__ -D__HLS_SYN__ -I "/usr/local/Xilinx/SDSoC/2015.4/Vivado_HLS/2015.4/common/technology/autopilot" -I "/usr/local/Xilinx/SDSoC/2015.4/Vivado_HLS/2015.4/common/technology/autopilot/ap_sysc" -include etc/autopilot_ssdm_op.h  -o "/home/vgr16/nfshome/face_with_corner/SDRelease/_sds/vhls/ocvSwFastCorner/solution/.autopilot/db/my_ocv_sw.pp.0.cpp"

@I [HLS-0] GCC PP time: 0 seconds per iteration
@I [HLS-0] Setting directive 'LATENCY' min=1 
@I [HLS-100] Command "list_core -type functional_unit "
@I [HLS-100] Command 'list_core' returned 0; elapsed 0Total elapsed time: 1.623 sec.
@I [HLS-0] Marker-Pragma convertor: /home/vgr16/nfshome/face_with_corner/SDRelease/_sds/vhls/ocvSwFastCorner/solution/.autopilot/db/my_ocv_sw.pp.0.cpp /home/vgr16/nfshome/face_with_corner/SDRelease/_sds/vhls/ocvSwFastCorner/solution/.autopilot/db/my_ocv_sw.pp.0.cpp.ap-line.cpp /home/vgr16/nfshome/face_with_corner/SDRelease/_sds/vhls/ocvSwFastCorner/solution/.autopilot/db/my_ocv_sw.pp.0.cpp.ap-line.cpp.CXX 1
@I [HLS-0] 
Source processor: exec /usr/local/Xilinx/SDSoC/2015.4/Vivado_HLS/2015.4/tps/lnx64/jre/bin/java -Xmx512m -classpath   "/usr/local/Xilinx/SDSoC/2015.4/Vivado_HLS/2015.4/lib/classes/autopilot.sourceprocessor.jar:/usr/local/Xilinx/SDSoC/2015.4/Vivado_HLS/2015.4/lib/classes/org.eclipse.cdt.core_5.3.0.xilinx_patch.jar:/usr/local/Xilinx/SDSoC/2015.4/Vivado_HLS/2015.4/lib/classes/org.eclipse.core.runtime_3.7.0.v20110110.jar:/usr/local/Xilinx/SDSoC/2015.4/Vivado_HLS/2015.4/lib/classes/org.eclipse.equinox.common_3.6.0.v20110523.jar:/usr/local/Xilinx/SDSoC/2015.4/Vivado_HLS/2015.4/lib/classes/com.ibm.icu_4.4.2.v20110208.jar:/usr/local/Xilinx/SDSoC/2015.4/Vivado_HLS/2015.4/lib/classes/jargs.jar:/usr/local/Xilinx/SDSoC/2015.4/Vivado_HLS/2015.4/lnx64/tools/eclipse/plugins/org.eclipse.emf.common_2.10.1.v20150123-0348.jar:/usr/local/Xilinx/SDSoC/2015.4/Vivado_HLS/2015.4/lnx64/tools/eclipse/plugins/org.eclipse.emf.ecore_2.10.2.v20150123-0348.jar:/usr/local/Xilinx/SDSoC/2015.4/Vivado_HLS/2015.4/lnx64/tools/eclipse/plugins/org.eclipse.emf.ecore.xmi_2.10.2.v20150123-0348.jar:/usr/local/Xilinx/SDSoC/2015.4/Vivado_HLS/2015.4/lnx64/tools/eclipse/plugins/com.autoesl.autopilot.ui.directiveFileModel_1.0.0.jar:/usr/local/Xilinx/SDSoC/2015.4/Vivado_HLS/2015.4/lnx64/tools/eclipse/plugins/com.autoesl.autopilot.ui.common_1.0.0.jar"  autopilot.sourceprocessor.CParser  "/home/vgr16/nfshome/face_with_corner/SDRelease/_sds/vhls/ocvSwFastCorner/solution/.autopilot/db/my_ocv_sw.pp.0.cpp.ap-line.cpp"  -m "ocvSwFastCorner" -o "/home/vgr16/nfshome/face_with_corner/SDRelease/_sds/vhls/ocvSwFastCorner/solution/.autopilot/db/my_ocv_sw.pp.0.cpp.ap-cdt.cpp" --pp --directive /home/vgr16/nfshome/face_with_corner/SDRelease/_sds/vhls/ocvSwFastCorner/solution/solution.directive --source /home/vgr16/nfshome/face_with_corner/src/cv/my_ocv_sw.cpp --error /home/vgr16/nfshome/face_with_corner/SDRelease/_sds/vhls/ocvSwFastCorner/solution/.autopilot/db --funcunit "AddSub AddSub_DSP AddSubnS DAddSub_fulldsp DAddSub_nodsp DDiv DExp_fulldsp DExp_meddsp DExp_nodsp DLog_fulldsp DLog_meddsp DLog_nodsp DMul_fulldsp DMul_maxdsp DMul_meddsp DMul_nodsp DRSqrt DRecip DSqrt DivnS FAddSub_fulldsp FAddSub_nodsp FDiv FExp_fulldsp FExp_meddsp FExp_nodsp FLog_fulldsp FLog_meddsp FLog_nodsp FMul_fulldsp FMul_maxdsp FMul_meddsp FMul_nodsp FRSqrt_fulldsp FRSqrt_nodsp FRecip_fulldsp FRecip_nodsp FSqrt HAddSub_nodsp HDiv HMul_fulldsp HMul_maxdsp HMul_nodsp HSqrt Mul Mul2S Mul3S Mul4S Mul5S Mul6S Mul_LUT MulnS MuxnS" --ve --vetcl /home/vgr16/nfshome/face_with_corner/SDRelease/_sds/vhls/ocvSwFastCorner/solution/.autopilot/db --ca --es --gf --df --pd --p2d /home/vgr16/nfshome/face_with_corner/SDRelease/_sds/vhls/ocvSwFastCorner/solution/.autopilot/db --sd --scff /home/vgr16/nfshome/face_with_corner/SDRelease/_sds/vhls/ocvSwFastCorner/solution/.autopilot/db/.systemc_flag --ad

@I [HLS-0] Error:Syntax error in source:for (__decltype(__n + 0) __niter = __n;
Error:Missing ; in source:t
Error:Syntax error in source:)
 *__first = __value;
Error:Syntax error in source:for (__decltype(__n + 0) __niter = __n;
Error:Missing ; in source:t
Error:Syntax error in source:)
 *__first = __tmp;
Error:Syntax error in source:for (__decltype(__n + 0) __niter = __n;
Error:Missing ; in source:t
Error:Syntax error in source:)
 *__first = __gen();
Error:Syntax error in source:if( d.hdr.refcount )
                __c11_atomic_fetch_add((_Atomic(int)*)(d.hdr.refcount), (1), 5);
Error:Syntax error in source:if( d.hdr.refcount )
                __c11_atomic_fetch_add((_Atomic(int)*)(d.hdr.refcount), (1), 5);
Error:Syntax error in source:if( hdr.refcount ) __c11_atomic_fetch_add((_Atomic(int)*)(hdr.refcount), (1), 5);
Error:Syntax error in source:hdr.refcount && __c11_atomic_fetch_add((_Atomic(int)*)(hdr.refcount), (-1), 5) == 1
Error:Syntax error in source:if( refcount ) __c11_atomic_fetch_add((_Atomic(int)*)(refcount), (1), 5);
Error:Syntax error in source:refcount && __c11_atomic_fetch_add((_Atomic(int)*)(refcount), (-1), 5) == 1
Error:Syntax error in source:if( _refcount )
        __c11_atomic_fetch_add((_Atomic(int)*)(_refcount), (1), 5);
Error:Syntax error in source:if( refcount )
        __c11_atomic_fetch_add((_Atomic(int)*)(refcount), (1), 5);
Error:Syntax error in source:if( refcount )
        __c11_atomic_fetch_add((_Atomic(int)*)(refcount), (1), 5);
Error:Syntax error in source:if( refcount )
        __c11_atomic_fetch_add((_Atomic(int)*)(refcount), (1), 5);
Error:Syntax error in source:if( m.refcount )
            __c11_atomic_fetch_add((_Atomic(int)*)(m.refcount), (1), 5);
Error:Syntax error in source:if( refcount ) __c11_atomic_fetch_add((_Atomic(int)*)(refcount), (1), 5);
Error:Syntax error in source:refcount && __c11_atomic_fetch_add((_Atomic(int)*)(refcount), (-1), 5) == 1
Error:Syntax error in source:if( m.hdr )
            __c11_atomic_fetch_add((_Atomic(int)*)(&m.hdr->refcount), (1), 5);
Error:Syntax error in source:if( hdr ) __c11_atomic_fetch_add((_Atomic(int)*)(&hdr->refcount), (1), 5);
Error:Syntax error in source:hdr && __c11_atomic_fetch_add((_Atomic(int)*)(&hdr->refcount), (-1), 5) == 1
Error:Syntax error in source:if( this->hdr )
        __c11_atomic_fetch_add((_Atomic(int)*)(&this->hdr->refcount), (1), 5);
Error:Syntax error in source:if( m.hdr ) __c11_atomic_fetch_add((_Atomic(int)*)(&m.hdr->refcount), (1), 5);
@I [HLS-0] Marker-Pragma convertor: /home/vgr16/nfshome/face_with_corner/SDRelease/_sds/vhls/ocvSwFastCorner/solution/.autopilot/db/my_ocv_sw.pp.0.cpp.ap-cdt.cpp /home/vgr16/nfshome/face_with_corner/SDRelease/_sds/vhls/ocvSwFastCorner/solution/.autopilot/db/my_ocv_sw.pragma.0.cpp /home/vgr16/nfshome/face_with_corner/SDRelease/_sds/vhls/ocvSwFastCorner/solution/.autopilot/db/my_ocv_sw.pragma.0.cpp.ap-line.CXX 0
@I [HLS-100] Command "source /home/vgr16/nfshome/face_with_corner/SDRelease/_sds/vhls/ocvSwFastCorner/solution/.autopilot/db/pragma.status.tcl "
@I [HLS-100] Command 'ap_source' returned 0; elapsed 0Total elapsed time: 26.840 sec.
@I [HLS-0] CDT processor time: 25 seconds per iteration
@I [HLS-0] Pragma handling time: 1 seconds per iteration
@I [HLS-0] 
Source preprocessing: exec clang -fno-limit-debug-info -gcc-toolchain "/usr/local/Xilinx/SDSoC/2015.4/Vivado_HLS/2015.4/lnx64/tools/gcc" -hls -fno-exceptions  -D__llvm__  -CC -E "/home/vgr16/nfshome/face_with_corner/SDRelease/_sds/vhls/ocvSwFastCorner/solution/.autopilot/db/my_ocv_sw.pragma.1.cpp"   -I/home/vgr16/nfshome/face_with_corner/src -Wall -O3 -fmessage-length=0 -MMD -MP -D__SDSCC__ -I/home/vgr16/homedir/ZYBO_SDSoC_platforms-master/2015.4/zybo_hdmi_in/arm-xilinx-linux-gnueabi/include -I/usr/local/Xilinx/SDSoC/2015.4/arm-xilinx-linux-gnueabi/include -I/home/vgr16/nfshome/face_with_corner/src/cv -D__SDSVHLS__ -I/home/vgr16/nfshome/face_with_corner/SDRelease -w  -fno-math-errno -c -emit-llvm -O0  -mllvm -disable-llvm-optzns -fno-threadsafe-statics  -fno-use-cxa-atexit  -fno-threadsafe-statics -fno-use-cxa-atexit -DAESL_SYN -D__SYNTHESIS__ -D__HLS_SYN__ -I "/usr/local/Xilinx/SDSoC/2015.4/Vivado_HLS/2015.4/common/technology/autopilot" -I "/usr/local/Xilinx/SDSoC/2015.4/Vivado_HLS/2015.4/common/technology/autopilot/ap_sysc" -include etc/autopilot_ssdm_op.h  -o "/home/vgr16/nfshome/face_with_corner/SDRelease/_sds/vhls/ocvSwFastCorner/solution/.autopilot/db/my_ocv_sw.pragma.2.cpp"

@I [HLS-0] exec clang -fno-limit-debug-info -gcc-toolchain /usr/local/Xilinx/SDSoC/2015.4/Vivado_HLS/2015.4/lnx64/tools/gcc -hls -hls-analyze-label -hls-analyze-pragma -fno-exceptions  -D__llvm__  -w  "/home/vgr16/nfshome/face_with_corner/SDRelease/_sds/vhls/ocvSwFastCorner/solution/.autopilot/db/my_ocv_sw.pragma.2.cpp"  -I/home/vgr16/nfshome/face_with_corner/src -Wall -O3 -fmessage-length=0 -MMD -MP -D__SDSCC__ -I/home/vgr16/homedir/ZYBO_SDSoC_platforms-master/2015.4/zybo_hdmi_in/arm-xilinx-linux-gnueabi/include -I/usr/local/Xilinx/SDSoC/2015.4/arm-xilinx-linux-gnueabi/include -I/home/vgr16/nfshome/face_with_corner/src/cv -D__SDSVHLS__ -I/home/vgr16/nfshome/face_with_corner/SDRelease -w  -fno-math-errno -c -emit-llvm -O0  -mllvm -disable-llvm-optzns -fno-threadsafe-statics  -fno-use-cxa-atexit -DAESL_SYN -D__SYNTHESIS__ -D__HLS_SYN__ -I "/usr/local/Xilinx/SDSoC/2015.4/Vivado_HLS/2015.4/common/technology/autopilot" -I "/usr/local/Xilinx/SDSoC/2015.4/Vivado_HLS/2015.4/common/technology/autopilot/ap_sysc" -include etc/autopilot_ssdm_op.h -g -o "/home/vgr16/nfshome/face_with_corner/SDRelease/_sds/vhls/ocvSwFastCorner/solution/.autopilot/db/my_ocv_sw.g.bc"
@I [HLS-100] Command "source /home/vgr16/nfshome/face_with_corner/SDRelease/_sds/vhls/ocvSwFastCorner/solution/.autopilot/db/ve_warning.tcl "
@I [HLS-100] Command 'ap_source' returned 0; elapsed 0Total elapsed time: 28.742 sec.
@I [HLS-10] Checking virtual eliminator warning message ...
@0 [HLS-0] Checking virtual eliminator warning message ...
@W [HLS-40] Severity: 3 Warning: Unsupported virtual function 'operator ()' with class 'BackgroundSubtractor' in file '/home/vgr16/homedir/ZYBO_SDSoC_platforms-master/2015.4/zybo_hdmi_in/arm-xilinx-linux-gnueabi/include/opencv2/video/background_segm.hpp' on line '63': Virtual operator override function. Source file: /home/vgr16/nfshome/face_with_corner/src/cv/my_ocv_sw.cpp
@W [HLS-40] Severity: 3 Warning: Unsupported virtual function 'operator ()' with class 'BackgroundSubtractorMOG' in file '/home/vgr16/homedir/ZYBO_SDSoC_platforms-master/2015.4/zybo_hdmi_in/arm-xilinx-linux-gnueabi/include/opencv2/video/background_segm.hpp' on line '91': Virtual operator override function. Source file: /home/vgr16/nfshome/face_with_corner/src/cv/my_ocv_sw.cpp
@W [HLS-40] Severity: 3 Warning: Unsupported virtual function 'operator ()' with class 'BackgroundSubtractorMOG2' in file '/home/vgr16/homedir/ZYBO_SDSoC_platforms-master/2015.4/zybo_hdmi_in/arm-xilinx-linux-gnueabi/include/opencv2/video/background_segm.hpp' on line '128': Virtual operator override function. Source file: /home/vgr16/nfshome/face_with_corner/src/cv/my_ocv_sw.cpp
@W [HLS-40] Severity: 3 Warning: Unsupported virtual function 'operator ()' with class 'BackgroundSubtractorGMG' in file '/home/vgr16/homedir/ZYBO_SDSoC_platforms-master/2015.4/zybo_hdmi_in/arm-xilinx-linux-gnueabi/include/opencv2/video/background_segm.hpp' on line '222': Virtual operator override function. Source file: /home/vgr16/nfshome/face_with_corner/src/cv/my_ocv_sw.cpp
@W [HLS-40] Severity: 3 Warning: Unsupported virtual function 'operator ()' with class 'Feature2D' in file '/home/vgr16/homedir/ZYBO_SDSoC_platforms-master/2015.4/zybo_hdmi_in/arm-xilinx-linux-gnueabi/include/opencv2/features2d/features2d.hpp' on line '261': Virtual operator override function. Source file: /home/vgr16/nfshome/face_with_corner/src/cv/my_ocv_sw.cpp
@W [HLS-40] Severity: 3 Warning: Unsupported virtual function 'operator ()' with class 'Feature2D' in file '/home/vgr16/homedir/ZYBO_SDSoC_platforms-master/2015.4/zybo_hdmi_in/arm-xilinx-linux-gnueabi/include/opencv2/features2d/features2d.hpp' on line '261': Virtual operator override function. Source file: /home/vgr16/nfshome/face_with_corner/src/cv/my_ocv_sw.cpp
@W [HLS-40] Severity: 3 Warning: Unsupported dynamic polymorphism CPP method 'FREAK' with class 'FREAK' in file '/home/vgr16/homedir/ZYBO_SDSoC_platforms-master/2015.4/zybo_hdmi_in/arm-xilinx-linux-gnueabi/include/opencv2/features2d/features2d.hpp' on line '424': Class CTOR is dynamic poly function. Source file: /home/vgr16/nfshome/face_with_corner/src/cv/my_ocv_sw.cpp
@W [HLS-40] Severity: 3 Warning: Unsupported dynamic polymorphism CPP method 'DynamicAdaptedFeatureDetector' with class 'DynamicAdaptedFeatureDetector' in file '/home/vgr16/homedir/ZYBO_SDSoC_platforms-master/2015.4/zybo_hdmi_in/arm-xilinx-linux-gnueabi/include/opencv2/features2d/features2d.hpp' on line '800': Class CTOR is dynamic poly function. Source file: /home/vgr16/nfshome/face_with_corner/src/cv/my_ocv_sw.cpp
@W [HLS-40] Severity: 3 Warning: Unsupported virtual function 'getMat' with class '_InputArray' in file '/home/vgr16/homedir/ZYBO_SDSoC_platforms-master/2015.4/zybo_hdmi_in/arm-xilinx-linux-gnueabi/include/opencv2/core/mat.hpp' on line '762': Unrecognized the Caller expression. Source file: /home/vgr16/nfshome/face_with_corner/src/cv/my_ocv_sw.cpp
@W [HLS-40] Severity: 3 Warning: Unsupported virtual function 'getMat' with class '_InputArray' in file '/home/vgr16/homedir/ZYBO_SDSoC_platforms-master/2015.4/zybo_hdmi_in/arm-xilinx-linux-gnueabi/include/opencv2/core/mat.hpp' on line '765': Unrecognized the Caller expression. Source file: /home/vgr16/nfshome/face_with_corner/src/cv/my_ocv_sw.cpp
@W [HLS-40] Severity: 3 Warning: Unsupported virtual function 'create' with class '_OutputArray' in file '/home/vgr16/homedir/ZYBO_SDSoC_platforms-master/2015.4/zybo_hdmi_in/arm-xilinx-linux-gnueabi/include/opencv2/core/mat.hpp' on line '764': Unrecognized the Caller expression. Source file: /home/vgr16/nfshome/face_with_corner/src/cv/my_ocv_sw.cpp
@I [HLS-10] Validating synthesis directives ...
@0 [HLS-0] Validating synthesis directives ...
@I [HLS-100] Command "source /home/vgr16/nfshome/face_with_corner/SDRelease/_sds/vhls/ocvSwFastCorner/solution/.autopilot/db/pragma.status.tcl "
@I [HLS-100] Command 'ap_source' returned 0; elapsed 0Total elapsed time: 28.745 sec.
@I [HLS-0] Linking all ...
@I [HLS-0] exec llvm-ld  "/home/vgr16/nfshome/face_with_corner/SDRelease/_sds/vhls/ocvSwFastCorner/solution/.autopilot/db/my_ocv_sw.bc"  -disable-opt  -L/usr/local/Xilinx/SDSoC/2015.4/Vivado_HLS/2015.4/lnx64/lib -lm_basic -o "/home/vgr16/nfshome/face_with_corner/SDRelease/_sds/vhls/ocvSwFastCorner/solution/.autopilot/db/a.o.pre"
@I [HLS-0] Link time: 0 seconds per iteration
@I [HLS-0] Linking all ...
@I [HLS-0] exec llvm-ld  "/home/vgr16/nfshome/face_with_corner/SDRelease/_sds/vhls/ocvSwFastCorner/solution/.autopilot/db/my_ocv_sw.g.bc"  -disable-opt  -L/usr/local/Xilinx/SDSoC/2015.4/Vivado_HLS/2015.4/lnx64/lib -lm_basic -o "/home/vgr16/nfshome/face_with_corner/SDRelease/_sds/vhls/ocvSwFastCorner/solution/.autopilot/db/a.g.pre"
@I [HLS-0] Link time: 0 seconds per iteration
@I [HLS-100] Command "opt_and_import_c a -opt_level=2 -skip_syncheck=0 -ng=0 -keep_printf=0 "
@I [HLS-100] Command "cleanup_all_models "
@I [HLS-100] Command 'cleanup_all_models' returned 0; elapsed 0Total elapsed time: 29.260 sec.
@I [HLS-10] Starting code transformations ...
@0 [HLS-0] Starting code transformations ...
@I [HLS-0] std xform: transform -hls -share-std-xform -always-inline -promote-dbg-pointer  -interface-preproc  -scalarrepl -mem2reg -keep-read-access -instcombine -dce  -promote-dbg-pointer  -bitop-raise  -indvars -loop-simplify -xunroll  -constprop -instcombine -simplifycfg -indvars  -simplifycfg -dce -globaldce  -basicaa  -simplifycfg -mem2reg -globalopt  -global-constprop -deadargelim -instcombine -simplifycfg  -prune-eh -simplifycfg  -scalarrepl -instcombine -reassociate -licm  -simplifycfg -loop-simplify -indvars -instcombine  -simplifycfg -mem2reg -loop-simplify -indvars -instcombine  -gvn -gvn -instcombine -adce  -break-crit-edges  -simplifycfg -loop-delete  -global-array-opt -dce -dse -adce  -find-syn-modules -top ocvSwFastCorner  -deadargelim  -mem2reg -instcombine -dce  -presyn-prepare -auto-rom-infer  -interface-preproc  -syn-check -check-rec-only  -find-region -simplifycfg -func-extr -function-inline  -globaldce -mem2reg -instcombine -dce   -gvn -globaldce -adce -adse  -constprop -instcombine -bit-constprop  -instcombine -dce -simplifycfg -bitop-raise  -simplifycfg -dce -loop-delete -reassociate  -globalopt -global-privatize -mem2reg -dce  -global-constprop -pointer-simplify -constprop -dce  -func-inst -deadargelim  -promote-dbg-pointer  -norm-name   /home/vgr16/nfshome/face_with_corner/SDRelease/_sds/vhls/ocvSwFastCorner/solution/.autopilot/db/a.g.0.bc -o /home/vgr16/nfshome/face_with_corner/SDRelease/_sds/vhls/ocvSwFastCorner/solution/.autopilot/db/a.g.1.bc -f  -phase std-opt
@I [XFORM-603] Inlining function 'std::vector<cv::Rect_<int>, std::allocator<cv::Rect_<int> > >::operator[]' into 'ocvSwFastCorner' (/home/vgr16/nfshome/face_with_corner/src/cv/my_ocv_sw.cpp:64).
@I [XFORM-603] Inlining function 'std::vector<cv::Rect_<int>, std::allocator<cv::Rect_<int> > >::operator[]' into 'ocvSwFastCorner' (/home/vgr16/nfshome/face_with_corner/src/cv/my_ocv_sw.cpp:64).
@I [XFORM-603] Inlining function 'std::vector<cv::Rect_<int>, std::allocator<cv::Rect_<int> > >::operator[]' into 'ocvSwFastCorner' (/home/vgr16/nfshome/face_with_corner/src/cv/my_ocv_sw.cpp:61).
@I [XFORM-603] Inlining function 'std::vector<cv::Rect_<int>, std::allocator<cv::Rect_<int> > >::operator[]' into 'ocvSwFastCorner' (/home/vgr16/nfshome/face_with_corner/src/cv/my_ocv_sw.cpp:61).
@I [XFORM-603] Inlining function 'std::vector<cv::Rect_<int>, std::allocator<cv::Rect_<int> > >::operator[]' into 'ocvSwFastCorner' (/home/vgr16/nfshome/face_with_corner/src/cv/my_ocv_sw.cpp:61).
@I [XFORM-603] Inlining function 'std::vector<cv::Rect_<int>, std::allocator<cv::Rect_<int> > >::operator[]' into 'ocvSwFastCorner' (/home/vgr16/nfshome/face_with_corner/src/cv/my_ocv_sw.cpp:61).
@I [XFORM-603] Inlining function 'std::_Vector_base<cv::Rect_<int>, std::allocator<cv::Rect_<int> > >::_M_get_Tp_allocator' into 'std::vector<cv::Rect_<int>, std::allocator<cv::Rect_<int> > >::~vector.1' (/usr/local/Xilinx/SDSoC/2015.4/Vivado_HLS/2015.4/lnx64/tools/gcc/lib/gcc/x86_64-unknown-linux-gnu/4.6.3/../../../../include/c++/4.6.3/bits/stl_vector.h:351).
@I [HLS-0] Std xform time: 0 seconds per iteration
@I [HLS-100] Command "is_encrypted /home/vgr16/nfshome/face_with_corner/SDRelease/_sds/vhls/ocvSwFastCorner/solution/.autopilot/db/a.g.1.bc "
@I [HLS-100] Command 'is_encrypted' returned 0; elapsed 0Total elapsed time: 29.600 sec.
@I [HLS-10] Checking synthesizability ...
@0 [HLS-0] Checking synthesizability ...
@I [HLS-0] syn check 1/2: transform -hls -syn-check -check-rec-only -disaggr -scalarrepl -norm-name -dce  -mem2reg -instcombine  -function-uniquify -directive-preproc -mem2reg -dse -dce -auto-rom-infer -dce  -array-normalize -instcombine -dce  -array-seg-normalize -instcombine -dce  -array-flatten -instcombine -dce  -array-burst -dce  -deadargelim -promote-global-argument  -function-inline -globaldce -dce  -doublePtrSimplify -doublePtrElim -dce  -doublePtrSimplify -promote-dbg-pointer  -dce -scalarrepl -dse -adse -instcombine  -ptrLegalization  -simplifycfg -dce -instcombine  -pointer-simplify -ptrArgReplace -dce -instcombine   -disaggr -scalarrepl -norm-name -dce  -mem2reg -instcombine -ptrLegalization   -simplifycfg -deadargelim  -instcombine -dce -inst-simplify  -function-uniquify -directive-preproc -mem2reg -dse -dce  -globaldce    /home/vgr16/nfshome/face_with_corner/SDRelease/_sds/vhls/ocvSwFastCorner/solution/.autopilot/db/a.g.1.bc -o /home/vgr16/nfshome/face_with_corner/SDRelease/_sds/vhls/ocvSwFastCorner/solution/.autopilot/db/a.g.2.prechk.bc -f
@I [XFORM-602] Inlining function 'std::_Destroy_aux<true>::__destroy<cv::Rect_<int>*>' into 'std::_Destroy<cv::Rect_<int>*>' (/usr/local/Xilinx/SDSoC/2015.4/Vivado_HLS/2015.4/lnx64/tools/gcc/lib/gcc/x86_64-unknown-linux-gnu/4.6.3/../../../../include/c++/4.6.3/bits/stl_construct.h:127) automatically.
@I [XFORM-602] Inlining function 'std::_Destroy<cv::Rect_<int>*>' into 'std::_Destroy<cv::Rect_<int>*, cv::Rect_<int> >' (/usr/local/Xilinx/SDSoC/2015.4/Vivado_HLS/2015.4/lnx64/tools/gcc/lib/gcc/x86_64-unknown-linux-gnu/4.6.3/../../../../include/c++/4.6.3/bits/stl_construct.h:153) automatically.
@I [XFORM-602] Inlining function '__gnu_cxx::new_allocator<cv::Rect_<int> >::deallocate' into 'std::_Vector_base<cv::Rect_<int>, std::allocator<cv::Rect_<int> > >::_M_deallocate' (/usr/local/Xilinx/SDSoC/2015.4/Vivado_HLS/2015.4/lnx64/tools/gcc/lib/gcc/x86_64-unknown-linux-gnu/4.6.3/../../../../include/c++/4.6.3/bits/stl_vector.h:156) automatically.
@I [XFORM-602] Inlining function 'cv::Mat::initEmpty' into 'ocvSwFastCorner' (/home/vgr16/homedir/ZYBO_SDSoC_platforms-master/2015.4/zybo_hdmi_in/arm-xilinx-linux-gnueabi/include/opencv2/core/mat.hpp:69->/home/vgr16/homedir/ZYBO_SDSoC_platforms-master/2015.4/zybo_hdmi_in/arm-xilinx-linux-gnueabi/include/opencv2/core/mat.hpp:70->/home/vgr16/nfshome/face_with_corner/src/cv/my_ocv_sw.cpp:43) automatically.
@I [XFORM-602] Inlining function 'std::vector<cv::Rect_<int>, std::allocator<cv::Rect_<int> > >::size' into 'ocvSwFastCorner' (/home/vgr16/nfshome/face_with_corner/src/cv/my_ocv_sw.cpp:58) automatically.
@I [XFORM-602] Inlining function 'cv::Mat::release' into 'ocvSwFastCorner' (/home/vgr16/homedir/ZYBO_SDSoC_platforms-master/2015.4/zybo_hdmi_in/arm-xilinx-linux-gnueabi/include/opencv2/core/mat.hpp:276->/home/vgr16/homedir/ZYBO_SDSoC_platforms-master/2015.4/zybo_hdmi_in/arm-xilinx-linux-gnueabi/include/opencv2/core/mat.hpp:275->/home/vgr16/nfshome/face_with_corner/src/cv/my_ocv_sw.cpp:93) automatically.
@I [XFORM-602] Inlining function 'std::_Destroy<cv::Rect_<int>*, cv::Rect_<int> >' into 'ocvSwFastCorner' (/usr/local/Xilinx/SDSoC/2015.4/Vivado_HLS/2015.4/lnx64/tools/gcc/lib/gcc/x86_64-unknown-linux-gnu/4.6.3/../../../../include/c++/4.6.3/bits/stl_vector.h:351->/usr/local/Xilinx/SDSoC/2015.4/Vivado_HLS/2015.4/lnx64/tools/gcc/lib/gcc/x86_64-unknown-linux-gnu/4.6.3/../../../../include/c++/4.6.3/bits/stl_vector.h:350->/home/vgr16/nfshome/face_with_corner/src/cv/my_ocv_sw.cpp:93) automatically.
@I [XFORM-602] Inlining function 'std::_Vector_base<cv::Rect_<int>, std::allocator<cv::Rect_<int> > >::_M_deallocate' into 'ocvSwFastCorner' (/usr/local/Xilinx/SDSoC/2015.4/Vivado_HLS/2015.4/lnx64/tools/gcc/lib/gcc/x86_64-unknown-linux-gnu/4.6.3/../../../../include/c++/4.6.3/bits/stl_vector.h:142->/usr/local/Xilinx/SDSoC/2015.4/Vivado_HLS/2015.4/lnx64/tools/gcc/lib/gcc/x86_64-unknown-linux-gnu/4.6.3/../../../../include/c++/4.6.3/bits/stl_vector.h:351->/usr/local/Xilinx/SDSoC/2015.4/Vivado_HLS/2015.4/lnx64/tools/gcc/lib/gcc/x86_64-unknown-linux-gnu/4.6.3/../../../../include/c++/4.6.3/bits/stl_vector.h:350->/home/vgr16/nfshome/face_with_corner/src/cv/my_ocv_sw.cpp:93) automatically.
@I [HLS-0] Syn check 1/2 time: 0 seconds per iteration
@I [HLS-0] syn check 2/2: transform -syn-check   /home/vgr16/nfshome/face_with_corner/SDRelease/_sds/vhls/ocvSwFastCorner/solution/.autopilot/db/a.g.2.prechk.bc -o /home/vgr16/nfshome/face_with_corner/SDRelease/_sds/vhls/ocvSwFastCorner/solution/.autopilot/db/a.g.2.bc -f  -phase syn-check
@E [SYNCHK-11] /home/vgr16/nfshome/face_with_corner/src/cv/my_ocv_sw.cpp:36: Argument 'src.data' of function 'ocvSwFastCorner' (/home/vgr16/nfshome/face_with_corner/src/cv/my_ocv_sw.cpp:36) has an unsynthesizable type (possible cause(s): pointer to pointer or global pointer).
@E [SYNCHK-71] /home/vgr16/nfshome/face_with_corner/src/cv/my_ocv_sw.cpp:40: function 'cv::_OutputArray::_OutputArray(cv::Mat&)' has no function body.
@E [SYNCHK-71] /home/vgr16/nfshome/face_with_corner/src/cv/my_ocv_sw.cpp:40: function 'cv::Mat::copyTo(cv::_OutputArray const&) const' has no function body.
@E [SYNCHK-11] /usr/local/Xilinx/SDSoC/2015.4/Vivado_HLS/2015.4/lnx64/tools/gcc/lib/gcc/x86_64-unknown-linux-gnu/4.6.3/../../../../include/c++/4.6.3/bits/stl_vector.h:84: Variable 'faces' has an unsynthesizable type 'vector<cv::Rect_<int>, std::allocator<cv::Rect_<int> > >' (possible cause(s): structure variable cannot be decomposed due to (1) unsupported type conversion; (2) memory copy operation; (3) function pointer used in struct; (4) unsupported pointer comparison).
@E [SYNCHK-71] /home/vgr16/nfshome/face_with_corner/src/cv/my_ocv_sw.cpp:46: function 'cv::_InputArray::_InputArray(cv::Mat const&)' has no function body.
@E [SYNCHK-71] /home/vgr16/nfshome/face_with_corner/src/cv/my_ocv_sw.cpp:46: function 'cv::cvtColor(cv::_InputArray const&, cv::_OutputArray const&, int, int)' has no function body.
@E [SYNCHK-71] /home/vgr16/nfshome/face_with_corner/src/cv/my_ocv_sw.cpp:49: function 'cv::equalizeHist(cv::_InputArray const&, cv::_OutputArray const&)' has no function body.
@E [SYNCHK-71] /home/vgr16/nfshome/face_with_corner/src/cv/my_ocv_sw.cpp:50: function 'cv::CascadeClassifier::CascadeClassifier()' has no function body.
@E [SYNCHK-71] /home/vgr16/nfshome/face_with_corner/src/cv/my_ocv_sw.cpp:53: function 'std::allocator<char>::allocator()' has no function body.
@E [SYNCHK-71] /home/vgr16/nfshome/face_with_corner/src/cv/my_ocv_sw.cpp:53: function 'std::basic_string<char, std::char_traits<char>, std::allocator<char> >::basic_string(char const*, std::allocator<char> const&)' has no function body.
@E [SYNCHK-71] /home/vgr16/nfshome/face_with_corner/src/cv/my_ocv_sw.cpp:53: function 'cv::CascadeClassifier::load(std::basic_string<char, std::char_traits<char>, std::allocator<char> > const&)' has no function body.
@E [SYNCHK-71] /home/vgr16/nfshome/face_with_corner/src/cv/my_ocv_sw.cpp:53: function 'std::basic_string<char, std::char_traits<char>, std::allocator<char> >::~basic_string()' has no function body.
@E [SYNCHK-71] /home/vgr16/nfshome/face_with_corner/src/cv/my_ocv_sw.cpp:53: function 'std::allocator<char>::~allocator()' has no function body.
@E [SYNCHK-71] /home/vgr16/nfshome/face_with_corner/src/cv/my_ocv_sw.cpp:54: function 'cv::CascadeClassifier::detectMultiScale(cv::Mat const&, std::vector<cv::Rect_<int>, std::allocator<cv::Rect_<int> > >&, double, int, int, cv::Size_<int>, cv::Size_<int>)' has no function body.
@E [SYNCHK-41] /usr/local/Xilinx/SDSoC/2015.4/Vivado_HLS/2015.4/lnx64/tools/gcc/lib/gcc/x86_64-unknown-linux-gnu/4.6.3/../../../../include/c++/4.6.3/bits/stl_vector.h:571: unsupported pointer reinterpretation from type 'pointer' to type 'size_t' on variable 'faces'.
@E [SYNCHK-71] /home/vgr16/nfshome/face_with_corner/src/cv/my_ocv_sw.cpp:64: function 'cv::ellipse(cv::Mat&, cv::Point_<int>, cv::Size_<int>, double, double, double, cv::Scalar_<double> const&, int, int, int)' has no function body.
@E [SYNCHK-71] /home/vgr16/nfshome/face_with_corner/src/cv/my_ocv_sw.cpp:93: function 'cv::CascadeClassifier::~CascadeClassifier()' has no function body.
@E [SYNCHK-42] /home/vgr16/homedir/ZYBO_SDSoC_platforms-master/2015.4/zybo_hdmi_in/arm-xilinx-linux-gnueabi/include/opencv2/core/mat.hpp:366: pointer comparison is not supported.
@E [SYNCHK-71] /home/vgr16/homedir/ZYBO_SDSoC_platforms-master/2015.4/zybo_hdmi_in/arm-xilinx-linux-gnueabi/include/opencv2/core/mat.hpp:367: function 'cv::Mat::deallocate()' has no function body.
@E [SYNCHK-71] /usr/local/Xilinx/SDSoC/2015.4/Vivado_HLS/2015.4/lnx64/tools/gcc/lib/gcc/x86_64-unknown-linux-gnu/4.6.3/../../../../include/c++/4.6.3/ext/new_allocator.h:98: function 'operator delete(void*)' has no function body.
@I [SYNCHK-10] 20 error(s), 0 warning(s).
@E [HLS-70] Synthesizability check failed.
@I [HLS-100] Command 'opt_and_import_c' returned 2; elapsed 0.32Total elapsed time: 29.874 sec.
@I [HLS-111] Elapsed time: 3.33 seconds; current memory usage: 0.179 MB.
@I [HLS-100] Command 'elaborate' returned 2; elapsed 3Total elapsed time: 29.874 sec.
@I [HLS-100] Command 'csynth_design' returned 2; elapsed 3Total elapsed time: 29.874 sec.
@I [HLS-100] Command 'ap_source' returned 1; elapsed 3.16Total elapsed time: 29.874 sec.
command 'ap_source' returned error code
    while executing
"source /home/vgr16/nfshome/face_with_corner/SDRelease/_sds/vhls/ocvSwFastCorner_run.tcl"
    invoked from within
"hls::main /home/vgr16/nfshome/face_with_corner/SDRelease/_sds/vhls/ocvSwFastCorner_run.tcl"
    ("uplevel" body line 1)
    invoked from within
"uplevel 1 hls::main {*}$args"
    (procedure "hls_proc" line 5)
    invoked from within
"hls_proc $argv"
@I [HLS-100] Command "cleanup_all "
@I [HLS-100] Command 'cleanup_all' returned 0; elapsed 0Total elapsed time: 29.875 sec.
