==============================================================
File generated by Vivado(TM) HLS - High-Level Synthesis from C, C++ and SystemC
Version: 2015.4
Copyright (C) 2015 Xilinx Inc. All rights reserved.

==============================================================

@I [HLS-10] Setting target device to ' xc7z010clg400-1 '
@I [SYN-201] Setting up clock 'default' with a period of 7.28571ns.
@I [HLS-10] Analyzing design file '/home/vgr16/nfshome/face_with_corner/src/cv/my_ocv_sw.cpp' ... 
@I [HLS-10] Checking virtual eliminator warning message ...
@W [HLS-40] Severity: 3 Warning: Unsupported virtual function 'operator ()' with class 'BackgroundSubtractor' in file '/home/vgr16/homedir/ZYBO_SDSoC_platforms-master/2015.4/zybo_hdmi_in/arm-xilinx-linux-gnueabi/include/opencv2/video/background_segm.hpp' on line '63': Virtual operator override function. Source file: /home/vgr16/nfshome/face_with_corner/src/cv/my_ocv_sw.cpp
@W [HLS-40] Severity: 3 Warning: Unsupported virtual function 'operator ()' with class 'BackgroundSubtractorMOG' in file '/home/vgr16/homedir/ZYBO_SDSoC_platforms-master/2015.4/zybo_hdmi_in/arm-xilinx-linux-gnueabi/include/opencv2/video/background_segm.hpp' on line '91': Virtual operator override function. Source file: /home/vgr16/nfshome/face_with_corner/src/cv/my_ocv_sw.cpp
@W [HLS-40] Severity: 3 Warning: Unsupported virtual function 'operator ()' with class 'BackgroundSubtractorMOG2' in file '/home/vgr16/homedir/ZYBO_SDSoC_platforms-master/2015.4/zybo_hdmi_in/arm-xilinx-linux-gnueabi/include/opencv2/video/background_segm.hpp' on line '128': Virtual operator override function. Source file: /home/vgr16/nfshome/face_with_corner/src/cv/my_ocv_sw.cpp
@W [HLS-40] Severity: 3 Warning: Unsupported virtual function 'operator ()' with class 'BackgroundSubtractorGMG' in file '/home/vgr16/homedir/ZYBO_SDSoC_platforms-master/2015.4/zybo_hdmi_in/arm-xilinx-linux-gnueabi/include/opencv2/video/background_segm.hpp' on line '222': Virtual operator override function. Source file: /home/vgr16/nfshome/face_with_corner/src/cv/my_ocv_sw.cpp
@W [HLS-40] Severity: 3 Warning: Unsupported virtual function 'operator ()' with class 'Feature2D' in file '/home/vgr16/homedir/ZYBO_SDSoC_platforms-master/2015.4/zybo_hdmi_in/arm-xilinx-linux-gnueabi/include/opencv2/features2d/features2d.hpp' on line '261': Virtual operator override function. Source file: /home/vgr16/nfshome/face_with_corner/src/cv/my_ocv_sw.cpp
@W [HLS-40] Severity: 3 Warning: Unsupported virtual function 'operator ()' with class 'Feature2D' in file '/home/vgr16/homedir/ZYBO_SDSoC_platforms-master/2015.4/zybo_hdmi_in/arm-xilinx-linux-gnueabi/include/opencv2/features2d/features2d.hpp' on line '261': Virtual operator override function. Source file: /home/vgr16/nfshome/face_with_corner/src/cv/my_ocv_sw.cpp
@W [HLS-40] Severity: 3 Warning: Unsupported dynamic polymorphism CPP method 'FREAK' with class 'FREAK' in file '/home/vgr16/homedir/ZYBO_SDSoC_platforms-master/2015.4/zybo_hdmi_in/arm-xilinx-linux-gnueabi/include/opencv2/features2d/features2d.hpp' on line '424': Class CTOR is dynamic poly function. Source file: /home/vgr16/nfshome/face_with_corner/src/cv/my_ocv_sw.cpp
@W [HLS-40] Severity: 3 Warning: Unsupported dynamic polymorphism CPP method 'DynamicAdaptedFeatureDetector' with class 'DynamicAdaptedFeatureDetector' in file '/home/vgr16/homedir/ZYBO_SDSoC_platforms-master/2015.4/zybo_hdmi_in/arm-xilinx-linux-gnueabi/include/opencv2/features2d/features2d.hpp' on line '800': Class CTOR is dynamic poly function. Source file: /home/vgr16/nfshome/face_with_corner/src/cv/my_ocv_sw.cpp
@W [HLS-40] Severity: 3 Warning: Unsupported virtual function 'getMat' with class '_InputArray' in file '/home/vgr16/homedir/ZYBO_SDSoC_platforms-master/2015.4/zybo_hdmi_in/arm-xilinx-linux-gnueabi/include/opencv2/core/mat.hpp' on line '762': Unrecognized the Caller expression. Source file: /home/vgr16/nfshome/face_with_corner/src/cv/my_ocv_sw.cpp
@W [HLS-40] Severity: 3 Warning: Unsupported virtual function 'getMat' with class '_InputArray' in file '/home/vgr16/homedir/ZYBO_SDSoC_platforms-master/2015.4/zybo_hdmi_in/arm-xilinx-linux-gnueabi/include/opencv2/core/mat.hpp' on line '765': Unrecognized the Caller expression. Source file: /home/vgr16/nfshome/face_with_corner/src/cv/my_ocv_sw.cpp
@W [HLS-40] Severity: 3 Warning: Unsupported virtual function 'create' with class '_OutputArray' in file '/home/vgr16/homedir/ZYBO_SDSoC_platforms-master/2015.4/zybo_hdmi_in/arm-xilinx-linux-gnueabi/include/opencv2/core/mat.hpp' on line '764': Unrecognized the Caller expression. Source file: /home/vgr16/nfshome/face_with_corner/src/cv/my_ocv_sw.cpp
@I [HLS-10] Validating synthesis directives ...
@I [HLS-10] Starting code transformations ...
@I [XFORM-603] Inlining function 'std::vector<cv::Rect_<int>, std::allocator<cv::Rect_<int> > >::operator[]' into 'ocvSwFastCorner' (/home/vgr16/nfshome/face_with_corner/src/cv/my_ocv_sw.cpp:64).
@I [XFORM-603] Inlining function 'std::vector<cv::Rect_<int>, std::allocator<cv::Rect_<int> > >::operator[]' into 'ocvSwFastCorner' (/home/vgr16/nfshome/face_with_corner/src/cv/my_ocv_sw.cpp:64).
@I [XFORM-603] Inlining function 'std::vector<cv::Rect_<int>, std::allocator<cv::Rect_<int> > >::operator[]' into 'ocvSwFastCorner' (/home/vgr16/nfshome/face_with_corner/src/cv/my_ocv_sw.cpp:61).
@I [XFORM-603] Inlining function 'std::vector<cv::Rect_<int>, std::allocator<cv::Rect_<int> > >::operator[]' into 'ocvSwFastCorner' (/home/vgr16/nfshome/face_with_corner/src/cv/my_ocv_sw.cpp:61).
@I [XFORM-603] Inlining function 'std::vector<cv::Rect_<int>, std::allocator<cv::Rect_<int> > >::operator[]' into 'ocvSwFastCorner' (/home/vgr16/nfshome/face_with_corner/src/cv/my_ocv_sw.cpp:61).
@I [XFORM-603] Inlining function 'std::vector<cv::Rect_<int>, std::allocator<cv::Rect_<int> > >::operator[]' into 'ocvSwFastCorner' (/home/vgr16/nfshome/face_with_corner/src/cv/my_ocv_sw.cpp:61).
@I [XFORM-603] Inlining function 'std::_Vector_base<cv::Rect_<int>, std::allocator<cv::Rect_<int> > >::_M_get_Tp_allocator' into 'std::vector<cv::Rect_<int>, std::allocator<cv::Rect_<int> > >::~vector.1' (/usr/local/Xilinx/SDSoC/2015.4/Vivado_HLS/2015.4/lnx64/tools/gcc/lib/gcc/x86_64-unknown-linux-gnu/4.6.3/../../../../include/c++/4.6.3/bits/stl_vector.h:351).
@I [HLS-10] Checking synthesizability ...
@I [XFORM-602] Inlining function 'std::_Destroy_aux<true>::__destroy<cv::Rect_<int>*>' into 'std::_Destroy<cv::Rect_<int>*>' (/usr/local/Xilinx/SDSoC/2015.4/Vivado_HLS/2015.4/lnx64/tools/gcc/lib/gcc/x86_64-unknown-linux-gnu/4.6.3/../../../../include/c++/4.6.3/bits/stl_construct.h:127) automatically.
@I [XFORM-602] Inlining function 'std::_Destroy<cv::Rect_<int>*>' into 'std::_Destroy<cv::Rect_<int>*, cv::Rect_<int> >' (/usr/local/Xilinx/SDSoC/2015.4/Vivado_HLS/2015.4/lnx64/tools/gcc/lib/gcc/x86_64-unknown-linux-gnu/4.6.3/../../../../include/c++/4.6.3/bits/stl_construct.h:153) automatically.
@I [XFORM-602] Inlining function '__gnu_cxx::new_allocator<cv::Rect_<int> >::deallocate' into 'std::_Vector_base<cv::Rect_<int>, std::allocator<cv::Rect_<int> > >::_M_deallocate' (/usr/local/Xilinx/SDSoC/2015.4/Vivado_HLS/2015.4/lnx64/tools/gcc/lib/gcc/x86_64-unknown-linux-gnu/4.6.3/../../../../include/c++/4.6.3/bits/stl_vector.h:156) automatically.
@I [XFORM-602] Inlining function 'cv::Mat::initEmpty' into 'ocvSwFastCorner' (/home/vgr16/homedir/ZYBO_SDSoC_platforms-master/2015.4/zybo_hdmi_in/arm-xilinx-linux-gnueabi/include/opencv2/core/mat.hpp:69->/home/vgr16/homedir/ZYBO_SDSoC_platforms-master/2015.4/zybo_hdmi_in/arm-xilinx-linux-gnueabi/include/opencv2/core/mat.hpp:70->/home/vgr16/nfshome/face_with_corner/src/cv/my_ocv_sw.cpp:43) automatically.
@I [XFORM-602] Inlining function 'std::vector<cv::Rect_<int>, std::allocator<cv::Rect_<int> > >::size' into 'ocvSwFastCorner' (/home/vgr16/nfshome/face_with_corner/src/cv/my_ocv_sw.cpp:58) automatically.
@I [XFORM-602] Inlining function 'cv::Mat::release' into 'ocvSwFastCorner' (/home/vgr16/homedir/ZYBO_SDSoC_platforms-master/2015.4/zybo_hdmi_in/arm-xilinx-linux-gnueabi/include/opencv2/core/mat.hpp:276->/home/vgr16/homedir/ZYBO_SDSoC_platforms-master/2015.4/zybo_hdmi_in/arm-xilinx-linux-gnueabi/include/opencv2/core/mat.hpp:275->/home/vgr16/nfshome/face_with_corner/src/cv/my_ocv_sw.cpp:93) automatically.
@I [XFORM-602] Inlining function 'std::_Destroy<cv::Rect_<int>*, cv::Rect_<int> >' into 'ocvSwFastCorner' (/usr/local/Xilinx/SDSoC/2015.4/Vivado_HLS/2015.4/lnx64/tools/gcc/lib/gcc/x86_64-unknown-linux-gnu/4.6.3/../../../../include/c++/4.6.3/bits/stl_vector.h:351->/usr/local/Xilinx/SDSoC/2015.4/Vivado_HLS/2015.4/lnx64/tools/gcc/lib/gcc/x86_64-unknown-linux-gnu/4.6.3/../../../../include/c++/4.6.3/bits/stl_vector.h:350->/home/vgr16/nfshome/face_with_corner/src/cv/my_ocv_sw.cpp:93) automatically.
@I [XFORM-602] Inlining function 'std::_Vector_base<cv::Rect_<int>, std::allocator<cv::Rect_<int> > >::_M_deallocate' into 'ocvSwFastCorner' (/usr/local/Xilinx/SDSoC/2015.4/Vivado_HLS/2015.4/lnx64/tools/gcc/lib/gcc/x86_64-unknown-linux-gnu/4.6.3/../../../../include/c++/4.6.3/bits/stl_vector.h:142->/usr/local/Xilinx/SDSoC/2015.4/Vivado_HLS/2015.4/lnx64/tools/gcc/lib/gcc/x86_64-unknown-linux-gnu/4.6.3/../../../../include/c++/4.6.3/bits/stl_vector.h:351->/usr/local/Xilinx/SDSoC/2015.4/Vivado_HLS/2015.4/lnx64/tools/gcc/lib/gcc/x86_64-unknown-linux-gnu/4.6.3/../../../../include/c++/4.6.3/bits/stl_vector.h:350->/home/vgr16/nfshome/face_with_corner/src/cv/my_ocv_sw.cpp:93) automatically.
@E [SYNCHK-11] /home/vgr16/nfshome/face_with_corner/src/cv/my_ocv_sw.cpp:36: Argument 'src.data' of function 'ocvSwFastCorner' (/home/vgr16/nfshome/face_with_corner/src/cv/my_ocv_sw.cpp:36) has an unsynthesizable type (possible cause(s): pointer to pointer or global pointer).
@E [SYNCHK-71] /home/vgr16/nfshome/face_with_corner/src/cv/my_ocv_sw.cpp:40: function 'cv::_OutputArray::_OutputArray(cv::Mat&)' has no function body.
@E [SYNCHK-71] /home/vgr16/nfshome/face_with_corner/src/cv/my_ocv_sw.cpp:40: function 'cv::Mat::copyTo(cv::_OutputArray const&) const' has no function body.
@E [SYNCHK-11] /usr/local/Xilinx/SDSoC/2015.4/Vivado_HLS/2015.4/lnx64/tools/gcc/lib/gcc/x86_64-unknown-linux-gnu/4.6.3/../../../../include/c++/4.6.3/bits/stl_vector.h:84: Variable 'faces' has an unsynthesizable type 'vector<cv::Rect_<int>, std::allocator<cv::Rect_<int> > >' (possible cause(s): structure variable cannot be decomposed due to (1) unsupported type conversion; (2) memory copy operation; (3) function pointer used in struct; (4) unsupported pointer comparison).
@E [SYNCHK-71] /home/vgr16/nfshome/face_with_corner/src/cv/my_ocv_sw.cpp:46: function 'cv::_InputArray::_InputArray(cv::Mat const&)' has no function body.
@E [SYNCHK-71] /home/vgr16/nfshome/face_with_corner/src/cv/my_ocv_sw.cpp:46: function 'cv::cvtColor(cv::_InputArray const&, cv::_OutputArray const&, int, int)' has no function body.
@E [SYNCHK-71] /home/vgr16/nfshome/face_with_corner/src/cv/my_ocv_sw.cpp:49: function 'cv::equalizeHist(cv::_InputArray const&, cv::_OutputArray const&)' has no function body.
@E [SYNCHK-71] /home/vgr16/nfshome/face_with_corner/src/cv/my_ocv_sw.cpp:50: function 'cv::CascadeClassifier::CascadeClassifier()' has no function body.
@E [SYNCHK-71] /home/vgr16/nfshome/face_with_corner/src/cv/my_ocv_sw.cpp:53: function 'std::allocator<char>::allocator()' has no function body.
@E [SYNCHK-71] /home/vgr16/nfshome/face_with_corner/src/cv/my_ocv_sw.cpp:53: function 'std::basic_string<char, std::char_traits<char>, std::allocator<char> >::basic_string(char const*, std::allocator<char> const&)' has no function body.
@E [SYNCHK-71] /home/vgr16/nfshome/face_with_corner/src/cv/my_ocv_sw.cpp:53: function 'cv::CascadeClassifier::load(std::basic_string<char, std::char_traits<char>, std::allocator<char> > const&)' has no function body.
@E [SYNCHK-71] /home/vgr16/nfshome/face_with_corner/src/cv/my_ocv_sw.cpp:53: function 'std::basic_string<char, std::char_traits<char>, std::allocator<char> >::~basic_string()' has no function body.
@E [SYNCHK-71] /home/vgr16/nfshome/face_with_corner/src/cv/my_ocv_sw.cpp:53: function 'std::allocator<char>::~allocator()' has no function body.
@E [SYNCHK-71] /home/vgr16/nfshome/face_with_corner/src/cv/my_ocv_sw.cpp:54: function 'cv::CascadeClassifier::detectMultiScale(cv::Mat const&, std::vector<cv::Rect_<int>, std::allocator<cv::Rect_<int> > >&, double, int, int, cv::Size_<int>, cv::Size_<int>)' has no function body.
@E [SYNCHK-41] /usr/local/Xilinx/SDSoC/2015.4/Vivado_HLS/2015.4/lnx64/tools/gcc/lib/gcc/x86_64-unknown-linux-gnu/4.6.3/../../../../include/c++/4.6.3/bits/stl_vector.h:571: unsupported pointer reinterpretation from type 'pointer' to type 'size_t' on variable 'faces'.
@E [SYNCHK-71] /home/vgr16/nfshome/face_with_corner/src/cv/my_ocv_sw.cpp:64: function 'cv::ellipse(cv::Mat&, cv::Point_<int>, cv::Size_<int>, double, double, double, cv::Scalar_<double> const&, int, int, int)' has no function body.
@E [SYNCHK-71] /home/vgr16/nfshome/face_with_corner/src/cv/my_ocv_sw.cpp:93: function 'cv::CascadeClassifier::~CascadeClassifier()' has no function body.
@E [SYNCHK-42] /home/vgr16/homedir/ZYBO_SDSoC_platforms-master/2015.4/zybo_hdmi_in/arm-xilinx-linux-gnueabi/include/opencv2/core/mat.hpp:366: pointer comparison is not supported.
@E [SYNCHK-71] /home/vgr16/homedir/ZYBO_SDSoC_platforms-master/2015.4/zybo_hdmi_in/arm-xilinx-linux-gnueabi/include/opencv2/core/mat.hpp:367: function 'cv::Mat::deallocate()' has no function body.
@E [SYNCHK-71] /usr/local/Xilinx/SDSoC/2015.4/Vivado_HLS/2015.4/lnx64/tools/gcc/lib/gcc/x86_64-unknown-linux-gnu/4.6.3/../../../../include/c++/4.6.3/ext/new_allocator.h:98: function 'operator delete(void*)' has no function body.
@I [SYNCHK-10] 20 error(s), 0 warning(s).
@E [HLS-70] Synthesizability check failed.
@I [HLS-111] Elapsed time: 3.33 seconds; current memory usage: 0.179 MB.
command 'ap_source' returned error code
    while executing
"source /home/vgr16/nfshome/face_with_corner/SDRelease/_sds/vhls/ocvSwFastCorner_run.tcl"
    invoked from within
"hls::main /home/vgr16/nfshome/face_with_corner/SDRelease/_sds/vhls/ocvSwFastCorner_run.tcl"
    ("uplevel" body line 1)
    invoked from within
"uplevel 1 hls::main {*}$args"
    (procedure "hls_proc" line 5)
    invoked from within
"hls_proc $argv"
@I [HLS-112] Total elapsed time: 29.883 seconds; peak memory usage: 0.179 MB.
