(c) Copyright 2012-2015 Xilinx, Inc. All Rights Reserved.
#-----------------------------------------------------------
# Tool version  : sdscc 2015.4 SW Build on Jan  9 2016 13:43:45
# Start time    : Tue Apr 25 10:03:39 BST 2017
# Command line  : sdscc -Wall -O3 -I../src -c -fmessage-length=0 -MTsrc/xil/xil_assert.o -MMD -MP -MFsrc/xil/xil_assert.d -MTsrc/xil/xil_assert.d -o src/xil/xil_assert.o ../src/xil/xil_assert.c -sds-hw ocvSwFastCorner my_ocv_sw.cpp -clkid 3 -sds-end -sds-pf /home/vgr16/homedir/ZYBO_SDSoC_platforms-master/2015.4/zybo_hdmi_in
# Log file      : /home/vgr16/nfshome/face_with_corner/SDRelease/_sds/reports/sds_xil_assert.log
# Journal file  : /home/vgr16/nfshome/face_with_corner/SDRelease/_sds/reports/sds_xil_assert.jou
# Report file   : /home/vgr16/nfshome/face_with_corner/SDRelease/_sds/reports/sds_xil_assert.rpt
#-----------------------------------------------------------

INFO: [SDSoC 0-0] Create data motion intermediate representation
clang_wrapper -target arm-xilinx-linux-gnueabi -mcpu=cortex-a9 -mfpu=vfp -O0 -g    -I /home/vgr16/homedir/ZYBO_SDSoC_platforms-master/2015.4/zybo_hdmi_in/arm-xilinx-linux-gnueabi/include  -I /usr/local/Xilinx/SDSoC/2015.4/arm-xilinx-linux-gnueabi/include  -I /usr/local/Xilinx/SDSoC/2015.4/Vivado_HLS/2015.4/include   -I/usr/local/Xilinx/SDSoC/2015.4/SDK/2015.4/gnu/arm/lin/lib/gcc/arm-xilinx-linux-gnueabi/4.9.2/include  -I/usr/local/Xilinx/SDSoC/2015.4/SDK/2015.4/gnu/arm/lin/lib/gcc/arm-xilinx-linux-gnueabi/4.9.2/include-fixed  -I/usr/local/Xilinx/SDSoC/2015.4/SDK/2015.4/gnu/arm/lin/arm-xilinx-linux-gnueabi/include  -I/usr/local/Xilinx/SDSoC/2015.4/SDK/2015.4/gnu/arm/lin/arm-xilinx-linux-gnueabi/libc/usr/include -I../src -Wall -fmessage-length=0 -MMD -MP -D __SDSCC__ -emit-llvm -S /home/vgr16/nfshome/face_with_corner/src/xil/xil_assert.c -o /home/vgr16/nfshome/face_with_corner/SDRelease/_sds/.llvm/src/xil/xil_assert.s
/home/vgr16/nfshome/face_with_corner/src/xil/xil_assert.c:145:2: warning: expression result unused; should this cast be to 'void'? [-Wunused-value]
 (void *) NullParameter;
 ^     ~
INFO: [SDSoC 0-0] Compiling /home/vgr16/nfshome/face_with_corner/src/xil/xil_assert.c
arm-xilinx-linux-gnueabi-gcc -c -I../src -Wall -O3 -fmessage-length=0 -MMD -MP -D __SDSCC__ -MT/home/vgr16/nfshome/face_with_corner/SDRelease/src/xil/xil_assert.o -MF/home/vgr16/nfshome/face_with_corner/SDRelease/src/xil/xil_assert.d -MT/home/vgr16/nfshome/face_with_corner/SDRelease/src/xil/xil_assert.d  -I /home/vgr16/homedir/ZYBO_SDSoC_platforms-master/2015.4/zybo_hdmi_in/arm-xilinx-linux-gnueabi/include  -I /usr/local/Xilinx/SDSoC/2015.4/arm-xilinx-linux-gnueabi/include  -I /usr/local/Xilinx/SDSoC/2015.4/Vivado_HLS/2015.4/include /home/vgr16/nfshome/face_with_corner/src/xil/xil_assert.c -o src/xil/xil_assert.o
/home/vgr16/nfshome/face_with_corner/src/xil/xil_assert.c: In function 'XNullHandler':
/home/vgr16/nfshome/face_with_corner/src/xil/xil_assert.c:145:2: warning: statement with no effect [-Wunused-value]
  (void *) NullParameter;
  ^
arm-xilinx-linux-gnueabi-objcopy --add-section .xdsdata=/home/vgr16/nfshome/face_with_corner/SDRelease/_sds/swstubs/xil_assert.o.xml src/xil/xil_assert.o
sdscc log file saved as /home/vgr16/nfshome/face_with_corner/SDRelease/_sds/reports/sds_xil_assert.log
sdscc completed at Tue Apr 25 10:03:39 BST 2017
